This file contains any messages produced by compilers while
running configure, to aid debugging if configure makes a mistake.

It was created by coroutines configure 0.1.0, which was
generated by GNU Autoconf 2.71.  Invocation command line was

  $ ../configure

## --------- ##
## Platform. ##
## --------- ##

hostname = latentprion
uname -m = x86_64
uname -r = 6.17.0-22-generic
uname -s = Linux
uname -v = #22~24.04.1-Ubuntu SMP PREEMPT_DYNAMIC Thu Mar 26 15:25:54 UTC 2

/usr/bin/uname -p = x86_64
/bin/uname -X     = unknown

/bin/arch              = x86_64
/usr/bin/arch -k       = unknown
/usr/convex/getsysinfo = unknown
/usr/bin/hostinfo      = unknown
/bin/machine           = unknown
/usr/bin/oslevel       = unknown
/bin/universe          = unknown

PATH: /home/latentprion/.local/bin/
PATH: /home/latentprion/bin/
PATH: /usr/share/cursor/resources/app/resources/helpers/
PATH: /home/latentprion/.local/bin/
PATH: /home/latentprion/bin/
PATH: /home/latentprion/.nvm/versions/node/v24.14.0/bin/
PATH: /home/latentprion/.local/bin/
PATH: /home/latentprion/bin/
PATH: /usr/local/sbin/
PATH: /usr/local/bin/
PATH: /usr/sbin/
PATH: /usr/bin/
PATH: /sbin/
PATH: /bin/
PATH: /usr/games/
PATH: /usr/local/games/
PATH: /snap/bin/
PATH: /snap/bin/
PATH: /home/latentprion/.local/bin/
PATH: /home/latentprion/bin/bin/
PATH: /home/latentprion/.local/bin/
PATH: /usr/local/bin/i586-elf/bin/
PATH: /home/latentprion/.local/bin/
PATH: /home/latentprion/bin/bin/
PATH: /home/latentprion/.local/bin/
PATH: /usr/local/bin/i586-elf/bin/
PATH: /home/latentprion/.local/bin/
PATH: /home/latentprion/bin/bin/


## ----------- ##
## Core tests. ##
## ----------- ##

configure:2007: looking for aux files: missing install-sh
configure:2020:  trying ../
configure:2049:   ../missing found
configure:2031:   ../install-sh found
configure:2178: checking for a BSD-compatible install
configure:2251: result: /usr/bin/install -c
configure:2262: checking whether build environment is sane
configure:2317: result: yes
configure:2476: checking for a race-free mkdir -p
configure:2520: result: /usr/bin/mkdir -p
configure:2527: checking for gawk
configure:2548: found /usr/bin/gawk
configure:2559: result: gawk
configure:2570: checking whether make sets $(MAKE)
configure:2593: result: yes
configure:2623: checking whether make supports nested variables
configure:2641: result: yes
configure:2850: checking for g++
configure:2871: found /usr/bin/g++
configure:2882: result: g++
configure:2909: checking for C++ compiler version
configure:2918: g++ --version >&5
g++ (Ubuntu 13.3.0-6ubuntu2~24.04.1) 13.3.0
Copyright (C) 2023 Free Software Foundation, Inc.
This is free software; see the source for copying conditions.  There is NO
warranty; not even for MERCHANTABILITY or FITNESS FOR A PARTICULAR PURPOSE.

configure:2929: $? = 0
configure:2918: g++ -v >&5
Using built-in specs.
COLLECT_GCC=g++
COLLECT_LTO_WRAPPER=/usr/libexec/gcc/x86_64-linux-gnu/13/lto-wrapper
OFFLOAD_TARGET_NAMES=nvptx-none:amdgcn-amdhsa
OFFLOAD_TARGET_DEFAULT=1
Target: x86_64-linux-gnu
Configured with: ../src/configure -v --with-pkgversion='Ubuntu 13.3.0-6ubuntu2~24.04.1' --with-bugurl=file:///usr/share/doc/gcc-13/README.Bugs --enable-languages=c,ada,c++,go,d,fortran,objc,obj-c++,m2 --prefix=/usr --with-gcc-major-version-only --program-suffix=-13 --program-prefix=x86_64-linux-gnu- --enable-shared --enable-linker-build-id --libexecdir=/usr/libexec --without-included-gettext --enable-threads=posix --libdir=/usr/lib --enable-nls --enable-bootstrap --enable-clocale=gnu --enable-libstdcxx-debug --enable-libstdcxx-time=yes --with-default-libstdcxx-abi=new --enable-libstdcxx-backtrace --enable-gnu-unique-object --disable-vtable-verify --enable-plugin --enable-default-pie --with-system-zlib --enable-libphobos-checking=release --with-target-system-zlib=auto --enable-objc-gc=auto --enable-multiarch --disable-werror --enable-cet --with-arch-32=i686 --with-abi=m64 --with-multilib-list=m32,m64,mx32 --enable-multilib --with-tune=generic --enable-offload-targets=nvptx-none=/build/gcc-13-EldibY/gcc-13-13.3.0/debian/tmp-nvptx/usr,amdgcn-amdhsa=/build/gcc-13-EldibY/gcc-13-13.3.0/debian/tmp-gcn/usr --enable-offload-defaulted --without-cuda-driver --enable-checking=release --build=x86_64-linux-gnu --host=x86_64-linux-gnu --target=x86_64-linux-gnu --with-build-config=bootstrap-lto-lean --enable-link-serialization=2
Thread model: posix
Supported LTO compression algorithms: zlib zstd
gcc version 13.3.0 (Ubuntu 13.3.0-6ubuntu2~24.04.1) 
... rest of stderr output deleted ...
configure:2929: $? = 0
configure:2918: g++ -V >&5
g++: error: unrecognized command-line option '-V'
g++: fatal error: no input files
compilation terminated.
configure:2929: $? = 1
configure:2918: g++ -qversion >&5
g++: error: unrecognized command-line option '-qversion'; did you mean '--version'?
g++: fatal error: no input files
compilation terminated.
configure:2929: $? = 1
configure:2949: checking whether the C++ compiler works
configure:2971: g++    conftest.cpp  >&5
configure:2975: $? = 0
configure:3025: result: yes
configure:3028: checking for C++ compiler default output file name
configure:3030: result: a.out
configure:3036: checking for suffix of executables
configure:3043: g++ -o conftest    conftest.cpp  >&5
configure:3047: $? = 0
configure:3070: result: 
configure:3092: checking whether we are cross compiling
configure:3100: g++ -o conftest    conftest.cpp  >&5
configure:3104: $? = 0
configure:3111: ./conftest
configure:3115: $? = 0
configure:3130: result: no
configure:3135: checking for suffix of object files
configure:3158: g++ -c   conftest.cpp >&5
configure:3162: $? = 0
configure:3184: result: o
configure:3188: checking whether the compiler supports GNU C++
configure:3208: g++ -c   conftest.cpp >&5
configure:3208: $? = 0
configure:3218: result: yes
configure:3229: checking whether g++ accepts -g
configure:3250: g++ -c -g  conftest.cpp >&5
configure:3250: $? = 0
configure:3294: result: yes
configure:3314: checking for g++ option to enable C++11 features
configure:3329: g++  -c -g -O2  conftest.cpp >&5
conftest.cpp: In function 'int main(int, char**)':
conftest.cpp:177:25: warning: empty parentheses were disambiguated as a function declaration [-Wvexing-parse]
  177 |   cxx11test::delegate d2();
      |                         ^~
conftest.cpp:177:25: note: remove parentheses to default-initialize a variable
  177 |   cxx11test::delegate d2();
      |                         ^~
      |                         --
conftest.cpp:177:25: note: or replace parentheses with braces to value-initialize a variable
configure:3329: $? = 0
configure:3347: result: none needed
configure:3414: checking whether make supports the include directive
configure:3429: make -f confmf.GNU && cat confinc.out
this is the am__doit target
configure:3432: $? = 0
configure:3451: result: yes (GNU style)
configure:3477: checking dependency style of g++
configure:3589: result: gcc3
configure:3613: checking whether the compiler supports C++23 coroutines
configure:3653: g++ -c -g -O2 -std=c++23  conftest.cpp >&5
configure:3653: $? = 0
configure:3656: result: yes
configure:3772: checking that generated files are newer than configure
configure:3778: result: done
configure:3801: creating ./config.status

## ---------------------- ##
## Running config.status. ##
## ---------------------- ##

This file was extended by coroutines config.status 0.1.0, which was
generated by GNU Autoconf 2.71.  Invocation command line was

  CONFIG_FILES    = 
  CONFIG_HEADERS  = 
  CONFIG_LINKS    = 
  CONFIG_COMMANDS = 
  $ ./config.status 

on latentprion

config.status:837: creating Makefile
config.status:837: creating src/Makefile
config.status:837: creating config.h
config.status:1003: config.h is unchanged
config.status:1051: executing depfiles commands
config.status:1128: cd src       && sed -e '/# am--include-marker/d' Makefile         | make -f - am--depfiles
make: Nothing to be done for 'am--depfiles'.
config.status:1133: $? = 0

## ---------------- ##
## Cache variables. ##
## ---------------- ##

ac_cv_cxx_compiler_gnu=yes
ac_cv_env_CCC_set=
ac_cv_env_CCC_value=
ac_cv_env_CPPFLAGS_set=
ac_cv_env_CPPFLAGS_value=
ac_cv_env_CXXFLAGS_set=
ac_cv_env_CXXFLAGS_value=
ac_cv_env_CXX_set=
ac_cv_env_CXX_value=
ac_cv_env_LDFLAGS_set=
ac_cv_env_LDFLAGS_value=
ac_cv_env_LIBS_set=
ac_cv_env_LIBS_value=
ac_cv_env_build_alias_set=
ac_cv_env_build_alias_value=
ac_cv_env_host_alias_set=
ac_cv_env_host_alias_value=
ac_cv_env_target_alias_set=
ac_cv_env_target_alias_value=
ac_cv_objext=o
ac_cv_path_install='/usr/bin/install -c'
ac_cv_path_mkdir=/usr/bin/mkdir
ac_cv_prog_AWK=gawk
ac_cv_prog_ac_ct_CXX=g++
ac_cv_prog_cxx_cxx11=
ac_cv_prog_cxx_g=yes
ac_cv_prog_cxx_stdcxx=
ac_cv_prog_make_make_set=yes
am_cv_CXX_dependencies_compiler_type=gcc3
am_cv_make_support_nested_variables=yes

## ----------------- ##
## Output variables. ##
## ----------------- ##

ACLOCAL='${SHELL} '\''/media/latentprion/aafe96c9-7fcd-40ce-991d-ca2d23b5ba17/gits/coroutines/missing'\'' aclocal-1.16'
AMDEPBACKSLASH='\'
AMDEP_FALSE='#'
AMDEP_TRUE=''
AMTAR='$${TAR-tar}'
AM_BACKSLASH='\'
AM_DEFAULT_V='$(AM_DEFAULT_VERBOSITY)'
AM_DEFAULT_VERBOSITY='1'
AM_V='$(V)'
AUTOCONF='${SHELL} '\''/media/latentprion/aafe96c9-7fcd-40ce-991d-ca2d23b5ba17/gits/coroutines/missing'\'' autoconf'
AUTOHEADER='${SHELL} '\''/media/latentprion/aafe96c9-7fcd-40ce-991d-ca2d23b5ba17/gits/coroutines/missing'\'' autoheader'
AUTOMAKE='${SHELL} '\''/media/latentprion/aafe96c9-7fcd-40ce-991d-ca2d23b5ba17/gits/coroutines/missing'\'' automake-1.16'
AWK='gawk'
CPPFLAGS=''
CSCOPE='cscope'
CTAGS='ctags'
CXX='g++'
CXXDEPMODE='depmode=gcc3'
CXXFLAGS='-g -O2 -std=c++23'
CYGPATH_W='echo'
DEFS='-DHAVE_CONFIG_H'
DEPDIR='.deps'
ECHO_C=''
ECHO_N='-n'
ECHO_T=''
ETAGS='etags'
EXEEXT=''
INSTALL_DATA='${INSTALL} -m 644'
INSTALL_PROGRAM='${INSTALL}'
INSTALL_SCRIPT='${INSTALL}'
INSTALL_STRIP_PROGRAM='$(install_sh) -c -s'
LDFLAGS=''
LIBOBJS=''
LIBS=''
LTLIBOBJS=''
MAKEINFO='${SHELL} '\''/media/latentprion/aafe96c9-7fcd-40ce-991d-ca2d23b5ba17/gits/coroutines/missing'\'' makeinfo'
MKDIR_P='/usr/bin/mkdir -p'
OBJEXT='o'
PACKAGE='coroutines'
PACKAGE_BUGREPORT='noreply@example.com'
PACKAGE_NAME='coroutines'
PACKAGE_STRING='coroutines 0.1.0'
PACKAGE_TARNAME='coroutines'
PACKAGE_URL=''
PACKAGE_VERSION='0.1.0'
PATH_SEPARATOR=':'
SET_MAKE=''
SHELL='/bin/bash'
STRIP=''
VERSION='0.1.0'
ac_ct_CXX='g++'
am__EXEEXT_FALSE=''
am__EXEEXT_TRUE='#'
am__fastdepCXX_FALSE='#'
am__fastdepCXX_TRUE=''
am__include='include'
am__isrc=' -I$(srcdir)'
am__leading_dot='.'
am__nodep='_no'
am__quote=''
am__tar='$${TAR-tar} chof - "$$tardir"'
am__untar='$${TAR-tar} xf -'
bindir='${exec_prefix}/bin'
build_alias=''
datadir='${datarootdir}'
datarootdir='${prefix}/share'
docdir='${datarootdir}/doc/${PACKAGE_TARNAME}'
dvidir='${docdir}'
exec_prefix='${prefix}'
host_alias=''
htmldir='${docdir}'
includedir='${prefix}/include'
infodir='${datarootdir}/info'
install_sh='${SHELL} /media/latentprion/aafe96c9-7fcd-40ce-991d-ca2d23b5ba17/gits/coroutines/install-sh'
libdir='${exec_prefix}/lib'
libexecdir='${exec_prefix}/libexec'
localedir='${datarootdir}/locale'
localstatedir='${prefix}/var'
mandir='${datarootdir}/man'
mkdir_p='$(MKDIR_P)'
oldincludedir='/usr/include'
pdfdir='${docdir}'
prefix='/usr/local'
program_transform_name='s,x,x,'
psdir='${docdir}'
runstatedir='${localstatedir}/run'
sbindir='${exec_prefix}/sbin'
sharedstatedir='${prefix}/com'
sysconfdir='${prefix}/etc'
target_alias=''

## ----------- ##
## confdefs.h. ##
## ----------- ##

/* confdefs.h */
#define PACKAGE_NAME "coroutines"
#define PACKAGE_TARNAME "coroutines"
#define PACKAGE_VERSION "0.1.0"
#define PACKAGE_STRING "coroutines 0.1.0"
#define PACKAGE_BUGREPORT "noreply@example.com"
#define PACKAGE_URL ""
#define PACKAGE "coroutines"
#define VERSION "0.1.0"

configure: exit 0
